[INFO] 2025-08-17 00:43:47,871 django.utils.autoreload: Watching for file changes with StatReloader
[INFO] 2025-08-17 01:23:59,679 root: Fazendo requisição para BrasilAPI para a data: 2026-08-02
[DEBUG] 2025-08-17 01:23:59,695 urllib3.connectionpool: Starting new HTTPS connection (1): brasilapi.com.br:443
[DEBUG] 2025-08-17 01:24:00,459 urllib3.connectionpool: https://brasilapi.com.br:443 "GET /api/feriados/v1/2026 HTTP/1.1" 200 None
[INFO] 2025-08-17 01:24:01,099 root: Fazendo requisição para BrasilAPI para a data: 2026-12-25
[DEBUG] 2025-08-17 01:24:01,101 urllib3.connectionpool: Starting new HTTPS connection (1): brasilapi.com.br:443
[DEBUG] 2025-08-17 01:24:01,697 urllib3.connectionpool: https://brasilapi.com.br:443 "GET /api/feriados/v1/2026 HTTP/1.1" 200 None
[WARNING] 2025-08-17 01:24:01,702 django.request: Bad Request: /api/agendamentos/
[WARNING] 2025-08-17 01:24:02,259 django.request: Bad Request: /api/agendamentos/
[WARNING] 2025-08-17 01:24:02,816 django.request: Bad Request: /api/agendamentos/
[INFO] 2025-08-17 20:06:48,488 root: Fazendo requisição para BrasilAPI para a data: 2026-08-02
[DEBUG] 2025-08-17 20:06:48,517 urllib3.connectionpool: Starting new HTTPS connection (1): brasilapi.com.br:443
[DEBUG] 2025-08-17 20:06:50,407 urllib3.connectionpool: https://brasilapi.com.br:443 "GET /api/feriados/v1/2026 HTTP/1.1" 200 None
[INFO] 2025-08-17 20:06:51,067 root: Fazendo requisição para BrasilAPI para a data: 2026-12-25
[DEBUG] 2025-08-17 20:06:51,070 urllib3.connectionpool: Starting new HTTPS connection (1): brasilapi.com.br:443
[DEBUG] 2025-08-17 20:06:51,710 urllib3.connectionpool: https://brasilapi.com.br:443 "GET /api/feriados/v1/2026 HTTP/1.1" 200 None
[WARNING] 2025-08-17 20:06:51,735 django.request: Bad Request: /api/agendamentos/
[WARNING] 2025-08-17 20:06:52,316 django.request: Bad Request: /api/agendamentos/
[WARNING] 2025-08-17 20:06:52,879 django.request: Bad Request: /api/agendamentos/
[WARNING] 2025-08-17 20:06:55,037 django.request: Forbidden: /api/agendamentos/
[WARNING] 2025-08-17 20:06:55,583 django.request: Forbidden: /api/agendamentos/
[WARNING] 2025-08-17 20:06:56,838 django.request: Forbidden: /api/prestadores/
[INFO] 2025-08-17 20:11:11,590 root: Fazendo requisição para BrasilAPI para a data: 2026-08-02
[DEBUG] 2025-08-17 20:11:11,599 urllib3.connectionpool: Starting new HTTPS connection (1): brasilapi.com.br:443
[DEBUG] 2025-08-17 20:11:12,258 urllib3.connectionpool: https://brasilapi.com.br:443 "GET /api/feriados/v1/2026 HTTP/1.1" 200 None
[INFO] 2025-08-17 20:11:12,879 root: Fazendo requisição para BrasilAPI para a data: 2026-12-25
[DEBUG] 2025-08-17 20:11:12,879 urllib3.connectionpool: Starting new HTTPS connection (1): brasilapi.com.br:443
[DEBUG] 2025-08-17 20:11:13,506 urllib3.connectionpool: https://brasilapi.com.br:443 "GET /api/feriados/v1/2026 HTTP/1.1" 200 None
[WARNING] 2025-08-17 20:11:13,511 django.request: Bad Request: /api/agendamentos/
[WARNING] 2025-08-17 20:11:14,062 django.request: Bad Request: /api/agendamentos/
[WARNING] 2025-08-17 20:11:14,605 django.request: Bad Request: /api/agendamentos/
[WARNING] 2025-08-17 20:11:16,714 django.request: Forbidden: /api/agendamentos/
[WARNING] 2025-08-17 20:11:17,249 django.request: Forbidden: /api/agendamentos/
[INFO] 2025-08-17 20:11:17,252 root: Fazendo requisição para BrasilAPI para a data: 2026-08-03
[DEBUG] 2025-08-17 20:11:17,254 urllib3.connectionpool: Starting new HTTPS connection (1): brasilapi.com.br:443
[DEBUG] 2025-08-17 20:11:17,869 urllib3.connectionpool: https://brasilapi.com.br:443 "GET /api/feriados/v1/2026 HTTP/1.1" 200 None
[WARNING] 2025-08-17 20:11:19,108 django.request: Forbidden: /api/prestadores/
[INFO] 2025-08-17 20:14:47,690 root: Fazendo requisição para BrasilAPI para a data: 2026-08-02
[DEBUG] 2025-08-17 20:14:47,690 urllib3.connectionpool: Starting new HTTPS connection (1): brasilapi.com.br:443
[DEBUG] 2025-08-17 20:14:48,538 urllib3.connectionpool: https://brasilapi.com.br:443 "GET /api/feriados/v1/2026 HTTP/1.1" 200 None
[INFO] 2025-08-17 20:14:49,184 root: Fazendo requisição para BrasilAPI para a data: 2026-12-25
[DEBUG] 2025-08-17 20:14:49,189 urllib3.connectionpool: Starting new HTTPS connection (1): brasilapi.com.br:443
[DEBUG] 2025-08-17 20:14:49,769 urllib3.connectionpool: https://brasilapi.com.br:443 "GET /api/feriados/v1/2026 HTTP/1.1" 200 None
[WARNING] 2025-08-17 20:14:49,773 django.request: Bad Request: /api/agendamentos/
[WARNING] 2025-08-17 20:14:50,350 django.request: Bad Request: /api/agendamentos/
[WARNING] 2025-08-17 20:14:50,956 django.request: Bad Request: /api/agendamentos/
[WARNING] 2025-08-17 20:14:53,329 django.request: Forbidden: /api/agendamentos/
[WARNING] 2025-08-17 20:14:53,876 django.request: Forbidden: /api/agendamentos/
[INFO] 2025-08-17 20:14:53,878 root: Fazendo requisição para BrasilAPI para a data: 2026-08-03
[DEBUG] 2025-08-17 20:14:53,881 urllib3.connectionpool: Starting new HTTPS connection (1): brasilapi.com.br:443
[DEBUG] 2025-08-17 20:14:54,463 urllib3.connectionpool: https://brasilapi.com.br:443 "GET /api/feriados/v1/2026 HTTP/1.1" 200 None
[WARNING] 2025-08-17 20:14:55,891 django.request: Forbidden: /api/prestadores/
[INFO] 2025-08-17 20:17:09,344 root: Fazendo requisição para BrasilAPI para a data: 2026-08-02
[DEBUG] 2025-08-17 20:17:09,349 urllib3.connectionpool: Starting new HTTPS connection (1): brasilapi.com.br:443
[DEBUG] 2025-08-17 20:17:10,002 urllib3.connectionpool: https://brasilapi.com.br:443 "GET /api/feriados/v1/2026 HTTP/1.1" 200 None
[INFO] 2025-08-17 20:17:10,599 root: Fazendo requisição para BrasilAPI para a data: 2026-12-25
[DEBUG] 2025-08-17 20:17:10,605 urllib3.connectionpool: Starting new HTTPS connection (1): brasilapi.com.br:443
[DEBUG] 2025-08-17 20:17:11,193 urllib3.connectionpool: https://brasilapi.com.br:443 "GET /api/feriados/v1/2026 HTTP/1.1" 200 None
[WARNING] 2025-08-17 20:17:11,204 django.request: Bad Request: /api/agendamentos/
[WARNING] 2025-08-17 20:17:11,749 django.request: Bad Request: /api/agendamentos/
[WARNING] 2025-08-17 20:17:12,304 django.request: Bad Request: /api/agendamentos/
[WARNING] 2025-08-17 20:17:14,399 django.request: Forbidden: /api/agendamentos/
[WARNING] 2025-08-17 20:17:14,935 django.request: Forbidden: /api/agendamentos/1/
[WARNING] 2025-08-17 20:17:14,935 django.request: Forbidden: /api/agendamentos/
[WARNING] 2025-08-17 20:17:14,939 django.request: Forbidden: /api/prestadores/
[INFO] 2025-08-17 20:17:14,939 root: Fazendo requisição para BrasilAPI para a data: 2026-08-02
[DEBUG] 2025-08-17 20:17:14,939 urllib3.connectionpool: Starting new HTTPS connection (1): brasilapi.com.br:443
[DEBUG] 2025-08-17 20:17:15,559 urllib3.connectionpool: https://brasilapi.com.br:443 "GET /api/feriados/v1/2026 HTTP/1.1" 200 None
[WARNING] 2025-08-17 20:17:16,821 django.request: Forbidden: /api/prestadores/
[INFO] 2025-08-17 20:20:05,149 root: Fazendo requisição para BrasilAPI para a data: 2026-08-02
[DEBUG] 2025-08-17 20:20:05,153 urllib3.connectionpool: Starting new HTTPS connection (1): brasilapi.com.br:443
[DEBUG] 2025-08-17 20:20:06,125 urllib3.connectionpool: https://brasilapi.com.br:443 "GET /api/feriados/v1/2026 HTTP/1.1" 200 None
[INFO] 2025-08-17 20:20:06,750 root: Fazendo requisição para BrasilAPI para a data: 2026-12-25
[DEBUG] 2025-08-17 20:20:06,754 urllib3.connectionpool: Starting new HTTPS connection (1): brasilapi.com.br:443
[DEBUG] 2025-08-17 20:20:07,363 urllib3.connectionpool: https://brasilapi.com.br:443 "GET /api/feriados/v1/2026 HTTP/1.1" 200 None
[WARNING] 2025-08-17 20:20:07,374 django.request: Bad Request: /api/agendamentos/
[WARNING] 2025-08-17 20:20:07,921 django.request: Bad Request: /api/agendamentos/
[WARNING] 2025-08-17 20:20:08,449 django.request: Bad Request: /api/agendamentos/
[WARNING] 2025-08-17 20:20:10,581 django.request: Forbidden: /api/agendamentos/
[WARNING] 2025-08-17 20:20:11,124 django.request: Forbidden: /api/agendamentos/1/
[WARNING] 2025-08-17 20:20:11,125 django.request: Forbidden: /api/agendamentos/
[WARNING] 2025-08-17 20:20:11,126 django.request: Forbidden: /api/prestadores/
[INFO] 2025-08-17 20:20:11,127 root: Fazendo requisição para BrasilAPI para a data: 2026-08-02
[DEBUG] 2025-08-17 20:20:11,129 urllib3.connectionpool: Starting new HTTPS connection (1): brasilapi.com.br:443
[DEBUG] 2025-08-17 20:20:11,779 urllib3.connectionpool: https://brasilapi.com.br:443 "GET /api/feriados/v1/2026 HTTP/1.1" 200 None
[WARNING] 2025-08-17 20:20:12,861 django.request: Forbidden: /api/prestadores/
[INFO] 2025-09-18 14:01:04,661 django.utils.autoreload: Watching for file changes with StatReloader
[INFO] 2025-09-18 14:01:23,812 root: Fazendo requisição para BrasilAPI para a data: 2025-12-25
[DEBUG] 2025-09-18 14:01:23,831 urllib3.connectionpool: Starting new HTTPS connection (1): brasilapi.com.br:443
[DEBUG] 2025-09-18 14:01:24,589 urllib3.connectionpool: https://brasilapi.com.br:443 "GET /api/feriados/v1/2025 HTTP/1.1" 200 None
[INFO] 2025-09-18 14:01:31,970 root: Fazendo requisição para BrasilAPI para a data: 2025-11-25
[DEBUG] 2025-09-18 14:01:31,974 urllib3.connectionpool: Starting new HTTPS connection (1): brasilapi.com.br:443
[DEBUG] 2025-09-18 14:01:34,185 urllib3.connectionpool: https://brasilapi.com.br:443 "GET /api/feriados/v1/2025 HTTP/1.1" 200 None
[ERROR] 2025-09-18 14:01:34,459 django.request: Internal Server Error: /api/horarios/
Traceback (most recent call last):
  File "C:\Users\Thiago\OneDrive\Área de Trabalho\Py-Django\drf-api\venv\Lib\site-packages\django\db\backends\utils.py", line 105, in _execute
    return self.cursor.execute(sql, params)
           ^^^^^^^^^^^^^^^^^^^^^^^^^^^^^^^^
  File "C:\Users\Thiago\OneDrive\Área de Trabalho\Py-Django\drf-api\venv\Lib\site-packages\django\db\backends\sqlite3\base.py", line 360, in execute
    return super().execute(query, params)
           ^^^^^^^^^^^^^^^^^^^^^^^^^^^^^^
sqlite3.OperationalError: no such table: agenda_agendamento

The above exception was the direct cause of the following exception:

Traceback (most recent call last):
  File "C:\Users\Thiago\OneDrive\Área de Trabalho\Py-Django\drf-api\venv\Lib\site-packages\django\core\handlers\exception.py", line 55, in inner
    response = get_response(request)
               ^^^^^^^^^^^^^^^^^^^^^
  File "C:\Users\Thiago\OneDrive\Área de Trabalho\Py-Django\drf-api\venv\Lib\site-packages\django\core\handlers\base.py", line 197, in _get_response
    response = wrapped_callback(request, *callback_args, **callback_kwargs)
               ^^^^^^^^^^^^^^^^^^^^^^^^^^^^^^^^^^^^^^^^^^^^^^^^^^^^^^^^^^^^
  File "C:\Users\Thiago\OneDrive\Área de Trabalho\Py-Django\drf-api\venv\Lib\site-packages\django\views\decorators\csrf.py", line 65, in _view_wrapper
    return view_func(request, *args, **kwargs)
           ^^^^^^^^^^^^^^^^^^^^^^^^^^^^^^^^^^^
  File "C:\Users\Thiago\OneDrive\Área de Trabalho\Py-Django\drf-api\venv\Lib\site-packages\django\views\generic\base.py", line 105, in view
    return self.dispatch(request, *args, **kwargs)
           ^^^^^^^^^^^^^^^^^^^^^^^^^^^^^^^^^^^^^^^
  File "C:\Users\Thiago\OneDrive\Área de Trabalho\Py-Django\drf-api\venv\Lib\site-packages\rest_framework\views.py", line 515, in dispatch
    response = self.handle_exception(exc)
               ^^^^^^^^^^^^^^^^^^^^^^^^^^
  File "C:\Users\Thiago\OneDrive\Área de Trabalho\Py-Django\drf-api\venv\Lib\site-packages\rest_framework\views.py", line 475, in handle_exception
    self.raise_uncaught_exception(exc)
  File "C:\Users\Thiago\OneDrive\Área de Trabalho\Py-Django\drf-api\venv\Lib\site-packages\rest_framework\views.py", line 486, in raise_uncaught_exception
    raise exc
  File "C:\Users\Thiago\OneDrive\Área de Trabalho\Py-Django\drf-api\venv\Lib\site-packages\rest_framework\views.py", line 512, in dispatch
    response = handler(request, *args, **kwargs)
               ^^^^^^^^^^^^^^^^^^^^^^^^^^^^^^^^^
  File "C:\Users\Thiago\OneDrive\Área de Trabalho\Py-Django\drf-api\venv\Lib\site-packages\rest_framework\decorators.py", line 50, in handler
    return func(*args, **kwargs)
           ^^^^^^^^^^^^^^^^^^^^^
  File "C:\Users\Thiago\OneDrive\Área de Trabalho\Py-Django\drf-api\agenda\views.py", line 92, in get_horario
    horarios_disponiveis = sorted(list(get_horarios_disponiveis(data)))
                                       ^^^^^^^^^^^^^^^^^^^^^^^^^^^^^^
  File "C:\Users\Thiago\OneDrive\Área de Trabalho\Py-Django\drf-api\agenda\utils.py", line 21, in get_horarios_disponiveis
    if not Agendamento.objects.filter(data_horario=start, cancelado=False).exists():
           ^^^^^^^^^^^^^^^^^^^^^^^^^^^^^^^^^^^^^^^^^^^^^^^^^^^^^^^^^^^^^^^^^^^^^^^^
  File "C:\Users\Thiago\OneDrive\Área de Trabalho\Py-Django\drf-api\venv\Lib\site-packages\django\db\models\query.py", line 1296, in exists
    return self.query.has_results(using=self.db)
           ^^^^^^^^^^^^^^^^^^^^^^^^^^^^^^^^^^^^^
  File "C:\Users\Thiago\OneDrive\Área de Trabalho\Py-Django\drf-api\venv\Lib\site-packages\django\db\models\sql\query.py", line 674, in has_results
    return compiler.has_results()
           ^^^^^^^^^^^^^^^^^^^^^^
  File "C:\Users\Thiago\OneDrive\Área de Trabalho\Py-Django\drf-api\venv\Lib\site-packages\django\db\models\sql\compiler.py", line 1591, in has_results
    return bool(self.execute_sql(SINGLE))
                ^^^^^^^^^^^^^^^^^^^^^^^^
  File "C:\Users\Thiago\OneDrive\Área de Trabalho\Py-Django\drf-api\venv\Lib\site-packages\django\db\models\sql\compiler.py", line 1623, in execute_sql
    cursor.execute(sql, params)
  File "C:\Users\Thiago\OneDrive\Área de Trabalho\Py-Django\drf-api\venv\Lib\site-packages\django\db\backends\utils.py", line 122, in execute
    return super().execute(sql, params)
           ^^^^^^^^^^^^^^^^^^^^^^^^^^^^
  File "C:\Users\Thiago\OneDrive\Área de Trabalho\Py-Django\drf-api\venv\Lib\site-packages\django\db\backends\utils.py", line 79, in execute
    return self._execute_with_wrappers(
           ^^^^^^^^^^^^^^^^^^^^^^^^^^^^
  File "C:\Users\Thiago\OneDrive\Área de Trabalho\Py-Django\drf-api\venv\Lib\site-packages\django\db\backends\utils.py", line 92, in _execute_with_wrappers
    return executor(sql, params, many, context)
           ^^^^^^^^^^^^^^^^^^^^^^^^^^^^^^^^^^^^
  File "C:\Users\Thiago\OneDrive\Área de Trabalho\Py-Django\drf-api\venv\Lib\site-packages\django\db\backends\utils.py", line 100, in _execute
    with self.db.wrap_database_errors:
  File "C:\Users\Thiago\OneDrive\Área de Trabalho\Py-Django\drf-api\venv\Lib\site-packages\django\db\utils.py", line 91, in __exit__
    raise dj_exc_value.with_traceback(traceback) from exc_value
  File "C:\Users\Thiago\OneDrive\Área de Trabalho\Py-Django\drf-api\venv\Lib\site-packages\django\db\backends\utils.py", line 105, in _execute
    return self.cursor.execute(sql, params)
           ^^^^^^^^^^^^^^^^^^^^^^^^^^^^^^^^
  File "C:\Users\Thiago\OneDrive\Área de Trabalho\Py-Django\drf-api\venv\Lib\site-packages\django\db\backends\sqlite3\base.py", line 360, in execute
    return super().execute(query, params)
           ^^^^^^^^^^^^^^^^^^^^^^^^^^^^^^
django.db.utils.OperationalError: no such table: agenda_agendamento
[WARNING] 2025-09-18 14:08:06,945 django.request: Not Found: /
[WARNING] 2025-09-18 14:08:08,150 django.request: Not Found: /favicon.ico
[INFO] 2025-09-18 14:08:26,122 root: Fazendo requisição para BrasilAPI para a data: 2025-11-25
[DEBUG] 2025-09-18 14:08:26,123 urllib3.connectionpool: Starting new HTTPS connection (1): brasilapi.com.br:443
[DEBUG] 2025-09-18 14:08:26,535 urllib3.connectionpool: https://brasilapi.com.br:443 "GET /api/feriados/v1/2025 HTTP/1.1" 200 None
[ERROR] 2025-09-18 14:08:26,643 django.request: Internal Server Error: /api/horarios/
Traceback (most recent call last):
  File "C:\Users\Thiago\OneDrive\Área de Trabalho\Py-Django\drf-api\venv\Lib\site-packages\django\db\backends\utils.py", line 105, in _execute
    return self.cursor.execute(sql, params)
           ^^^^^^^^^^^^^^^^^^^^^^^^^^^^^^^^
  File "C:\Users\Thiago\OneDrive\Área de Trabalho\Py-Django\drf-api\venv\Lib\site-packages\django\db\backends\sqlite3\base.py", line 360, in execute
    return super().execute(query, params)
           ^^^^^^^^^^^^^^^^^^^^^^^^^^^^^^
sqlite3.OperationalError: no such table: agenda_agendamento

The above exception was the direct cause of the following exception:

Traceback (most recent call last):
  File "C:\Users\Thiago\OneDrive\Área de Trabalho\Py-Django\drf-api\venv\Lib\site-packages\django\core\handlers\exception.py", line 55, in inner
    response = get_response(request)
               ^^^^^^^^^^^^^^^^^^^^^
  File "C:\Users\Thiago\OneDrive\Área de Trabalho\Py-Django\drf-api\venv\Lib\site-packages\django\core\handlers\base.py", line 197, in _get_response
    response = wrapped_callback(request, *callback_args, **callback_kwargs)
               ^^^^^^^^^^^^^^^^^^^^^^^^^^^^^^^^^^^^^^^^^^^^^^^^^^^^^^^^^^^^
  File "C:\Users\Thiago\OneDrive\Área de Trabalho\Py-Django\drf-api\venv\Lib\site-packages\django\views\decorators\csrf.py", line 65, in _view_wrapper
    return view_func(request, *args, **kwargs)
           ^^^^^^^^^^^^^^^^^^^^^^^^^^^^^^^^^^^
  File "C:\Users\Thiago\OneDrive\Área de Trabalho\Py-Django\drf-api\venv\Lib\site-packages\django\views\generic\base.py", line 105, in view
    return self.dispatch(request, *args, **kwargs)
           ^^^^^^^^^^^^^^^^^^^^^^^^^^^^^^^^^^^^^^^
  File "C:\Users\Thiago\OneDrive\Área de Trabalho\Py-Django\drf-api\venv\Lib\site-packages\rest_framework\views.py", line 515, in dispatch
    response = self.handle_exception(exc)
               ^^^^^^^^^^^^^^^^^^^^^^^^^^
  File "C:\Users\Thiago\OneDrive\Área de Trabalho\Py-Django\drf-api\venv\Lib\site-packages\rest_framework\views.py", line 475, in handle_exception
    self.raise_uncaught_exception(exc)
  File "C:\Users\Thiago\OneDrive\Área de Trabalho\Py-Django\drf-api\venv\Lib\site-packages\rest_framework\views.py", line 486, in raise_uncaught_exception
    raise exc
  File "C:\Users\Thiago\OneDrive\Área de Trabalho\Py-Django\drf-api\venv\Lib\site-packages\rest_framework\views.py", line 512, in dispatch
    response = handler(request, *args, **kwargs)
               ^^^^^^^^^^^^^^^^^^^^^^^^^^^^^^^^^
  File "C:\Users\Thiago\OneDrive\Área de Trabalho\Py-Django\drf-api\venv\Lib\site-packages\rest_framework\decorators.py", line 50, in handler
    return func(*args, **kwargs)
           ^^^^^^^^^^^^^^^^^^^^^
  File "C:\Users\Thiago\OneDrive\Área de Trabalho\Py-Django\drf-api\agenda\views.py", line 92, in get_horario
    horarios_disponiveis = sorted(list(get_horarios_disponiveis(data)))
                                       ^^^^^^^^^^^^^^^^^^^^^^^^^^^^^^
  File "C:\Users\Thiago\OneDrive\Área de Trabalho\Py-Django\drf-api\agenda\utils.py", line 21, in get_horarios_disponiveis
    if not Agendamento.objects.filter(data_horario=start, cancelado=False).exists():
           ^^^^^^^^^^^^^^^^^^^^^^^^^^^^^^^^^^^^^^^^^^^^^^^^^^^^^^^^^^^^^^^^^^^^^^^^
  File "C:\Users\Thiago\OneDrive\Área de Trabalho\Py-Django\drf-api\venv\Lib\site-packages\django\db\models\query.py", line 1296, in exists
    return self.query.has_results(using=self.db)
           ^^^^^^^^^^^^^^^^^^^^^^^^^^^^^^^^^^^^^
  File "C:\Users\Thiago\OneDrive\Área de Trabalho\Py-Django\drf-api\venv\Lib\site-packages\django\db\models\sql\query.py", line 674, in has_results
    return compiler.has_results()
           ^^^^^^^^^^^^^^^^^^^^^^
  File "C:\Users\Thiago\OneDrive\Área de Trabalho\Py-Django\drf-api\venv\Lib\site-packages\django\db\models\sql\compiler.py", line 1591, in has_results
    return bool(self.execute_sql(SINGLE))
                ^^^^^^^^^^^^^^^^^^^^^^^^
  File "C:\Users\Thiago\OneDrive\Área de Trabalho\Py-Django\drf-api\venv\Lib\site-packages\django\db\models\sql\compiler.py", line 1623, in execute_sql
    cursor.execute(sql, params)
  File "C:\Users\Thiago\OneDrive\Área de Trabalho\Py-Django\drf-api\venv\Lib\site-packages\django\db\backends\utils.py", line 122, in execute
    return super().execute(sql, params)
           ^^^^^^^^^^^^^^^^^^^^^^^^^^^^
  File "C:\Users\Thiago\OneDrive\Área de Trabalho\Py-Django\drf-api\venv\Lib\site-packages\django\db\backends\utils.py", line 79, in execute
    return self._execute_with_wrappers(
           ^^^^^^^^^^^^^^^^^^^^^^^^^^^^
  File "C:\Users\Thiago\OneDrive\Área de Trabalho\Py-Django\drf-api\venv\Lib\site-packages\django\db\backends\utils.py", line 92, in _execute_with_wrappers
    return executor(sql, params, many, context)
           ^^^^^^^^^^^^^^^^^^^^^^^^^^^^^^^^^^^^
  File "C:\Users\Thiago\OneDrive\Área de Trabalho\Py-Django\drf-api\venv\Lib\site-packages\django\db\backends\utils.py", line 100, in _execute
    with self.db.wrap_database_errors:
  File "C:\Users\Thiago\OneDrive\Área de Trabalho\Py-Django\drf-api\venv\Lib\site-packages\django\db\utils.py", line 91, in __exit__
    raise dj_exc_value.with_traceback(traceback) from exc_value
  File "C:\Users\Thiago\OneDrive\Área de Trabalho\Py-Django\drf-api\venv\Lib\site-packages\django\db\backends\utils.py", line 105, in _execute
    return self.cursor.execute(sql, params)
           ^^^^^^^^^^^^^^^^^^^^^^^^^^^^^^^^
  File "C:\Users\Thiago\OneDrive\Área de Trabalho\Py-Django\drf-api\venv\Lib\site-packages\django\db\backends\sqlite3\base.py", line 360, in execute
    return super().execute(query, params)
           ^^^^^^^^^^^^^^^^^^^^^^^^^^^^^^
django.db.utils.OperationalError: no such table: agenda_agendamento
[INFO] 2025-09-18 14:11:07,202 django.utils.autoreload: Watching for file changes with StatReloader
[INFO] 2025-09-18 14:11:12,447 root: Fazendo requisição para BrasilAPI para a data: 2025-11-25
[DEBUG] 2025-09-18 14:11:12,452 urllib3.connectionpool: Starting new HTTPS connection (1): brasilapi.com.br:443
[DEBUG] 2025-09-18 14:11:12,804 urllib3.connectionpool: https://brasilapi.com.br:443 "GET /api/feriados/v1/2025 HTTP/1.1" 200 None
[INFO] 2025-09-18 14:11:32,180 root: Fazendo requisição para BrasilAPI para a data: 2025-11-25
[DEBUG] 2025-09-18 14:11:32,182 urllib3.connectionpool: Starting new HTTPS connection (1): brasilapi.com.br:443
[DEBUG] 2025-09-18 14:11:32,510 urllib3.connectionpool: https://brasilapi.com.br:443 "GET /api/feriados/v1/2025 HTTP/1.1" 200 None
[WARNING] 2025-09-18 14:16:20,724 django.request: Forbidden: /api/agendamentos/
[WARNING] 2025-09-18 14:16:32,198 django.request: Forbidden: /api/agendamentos/
[WARNING] 2025-09-18 14:16:39,894 django.request: Forbidden: /api/agendamentos/
[WARNING] 2025-09-18 14:16:47,382 django.request: Forbidden: /api/agendamentos/
[WARNING] 2025-09-18 14:16:54,554 django.request: Forbidden: /api/prestadores/
[WARNING] 2025-09-18 14:17:02,294 django.request: Forbidden: /api/prestadores/
[INFO] 2025-09-18 14:44:09,368 django.utils.autoreload: Watching for file changes with StatReloader
[WARNING] 2025-09-18 14:44:11,976 django.request: Not Found: /
[WARNING] 2025-09-18 14:44:18,929 django.request: Forbidden: /api/agendamentos/
[INFO] 2026-01-17 03:32:08,157 django.utils.autoreload: Watching for file changes with StatReloader
[INFO] 2026-01-17 03:35:41,778 django.utils.autoreload: /home/thiago/Projects/drf-api/agenda/urls.py changed, reloading.
[INFO] 2026-01-17 03:35:42,105 django.utils.autoreload: Watching for file changes with StatReloader
[INFO] 2026-01-17 03:35:53,355 django.utils.autoreload: /home/thiago/Projects/drf-api/agenda/urls.py changed, reloading.
[INFO] 2026-01-17 03:35:53,633 django.utils.autoreload: Watching for file changes with StatReloader
[ERROR] 2026-01-17 03:36:27,221 django.request: Internal Server Error: /api/prestadores/
Traceback (most recent call last):
  File "/home/thiago/Projects/drf-api/venv/lib/python3.12/site-packages/django/core/handlers/exception.py", line 55, in inner
    response = get_response(request)
               ^^^^^^^^^^^^^^^^^^^^^
  File "/home/thiago/Projects/drf-api/venv/lib/python3.12/site-packages/django/core/handlers/base.py", line 197, in _get_response
    response = wrapped_callback(request, *callback_args, **callback_kwargs)
               ^^^^^^^^^^^^^^^^^^^^^^^^^^^^^^^^^^^^^^^^^^^^^^^^^^^^^^^^^^^^
  File "/home/thiago/Projects/drf-api/venv/lib/python3.12/site-packages/django/views/decorators/csrf.py", line 65, in _view_wrapper
    return view_func(request, *args, **kwargs)
           ^^^^^^^^^^^^^^^^^^^^^^^^^^^^^^^^^^^
  File "/home/thiago/Projects/drf-api/venv/lib/python3.12/site-packages/django/views/generic/base.py", line 105, in view
    return self.dispatch(request, *args, **kwargs)
           ^^^^^^^^^^^^^^^^^^^^^^^^^^^^^^^^^^^^^^^
  File "/home/thiago/Projects/drf-api/venv/lib/python3.12/site-packages/rest_framework/views.py", line 515, in dispatch
    response = self.handle_exception(exc)
               ^^^^^^^^^^^^^^^^^^^^^^^^^^
  File "/home/thiago/Projects/drf-api/venv/lib/python3.12/site-packages/rest_framework/views.py", line 475, in handle_exception
    self.raise_uncaught_exception(exc)
  File "/home/thiago/Projects/drf-api/venv/lib/python3.12/site-packages/rest_framework/views.py", line 486, in raise_uncaught_exception
    raise exc
  File "/home/thiago/Projects/drf-api/venv/lib/python3.12/site-packages/rest_framework/views.py", line 512, in dispatch
    response = handler(request, *args, **kwargs)
               ^^^^^^^^^^^^^^^^^^^^^^^^^^^^^^^^^
  File "/home/thiago/Projects/drf-api/venv/lib/python3.12/site-packages/rest_framework/decorators.py", line 50, in handler
    return func(*args, **kwargs)
           ^^^^^^^^^^^^^^^^^^^^^
  File "/home/thiago/Projects/drf-api/agenda/views.py", line 91, in get_gera_relatorio_prestadores
    result = gera_relatorio_prestadores.delay()
             ^^^^^^^^^^^^^^^^^^^^^^^^^^^^^^^^
AttributeError: 'function' object has no attribute 'delay'
[INFO] 2026-01-17 03:37:39,766 django.utils.autoreload: /home/thiago/Projects/drf-api/agenda/tasks.py changed, reloading.
[INFO] 2026-01-17 03:37:40,083 django.utils.autoreload: Watching for file changes with StatReloader
[INFO] 2026-01-17 03:38:06,550 django.utils.autoreload: /home/thiago/Projects/drf-api/agenda/tasks.py changed, reloading.
[INFO] 2026-01-17 03:38:06,835 django.utils.autoreload: Watching for file changes with StatReloader
[DEBUG] 2026-01-17 03:38:22,194 celery.utils.functional: 
def gera_relatorio_prestadores():
    return 1

[INFO] 2026-01-17 03:40:26,443 django.utils.autoreload: /home/thiago/Projects/drf-api/tamarcado/celery.py changed, reloading.
[INFO] 2026-01-17 03:40:26,799 django.utils.autoreload: Watching for file changes with StatReloader
[DEBUG] 2026-01-17 03:41:40,277 celery.utils.functional: 
def gera_relatorio_prestadores():
    return 1

[INFO] 2026-01-17 03:43:35,648 django.utils.autoreload: /home/thiago/Projects/drf-api/tamarcado/celery.py changed, reloading.
[INFO] 2026-01-17 03:43:35,941 django.utils.autoreload: Watching for file changes with StatReloader
[INFO] 2026-01-17 03:44:33,660 django.utils.autoreload: /home/thiago/Projects/drf-api/tamarcado/celery.py changed, reloading.
[INFO] 2026-01-17 03:44:33,958 django.utils.autoreload: Watching for file changes with StatReloader
[DEBUG] 2026-01-17 03:44:41,247 celery.utils.functional: 
def backend_cleanup():
    return 1

[DEBUG] 2026-01-17 03:44:41,248 celery.utils.functional: 
def chain(*args, **kwargs):
    return 1

[DEBUG] 2026-01-17 03:44:41,248 celery.utils.functional: 
def xstarmap(task, it):
    return 1

[DEBUG] 2026-01-17 03:44:41,248 celery.utils.functional: 
def accumulate(self, *args, **kwargs):
    return 1

[DEBUG] 2026-01-17 03:44:41,249 celery.utils.functional: 
def gera_relatorio_prestadores():
    return 1

[DEBUG] 2026-01-17 03:44:41,249 celery.utils.functional: 
def chord(self, header, body, partial_args=0, interval=1, countdown=2, max_retries=3, eager=4, **kwargs):
    return 1

[DEBUG] 2026-01-17 03:44:41,249 celery.utils.functional: 
def chunks(task, it, n):
    return 1

[DEBUG] 2026-01-17 03:44:41,250 celery.utils.functional: 
def unlock_chord(self, group_id, callback, interval=0, max_retries=1, result=2, Result=3, GroupResult=4, result_from_tuple=5, **kwargs):
    return 1

[DEBUG] 2026-01-17 03:44:41,250 celery.utils.functional: 
def soma(a, b):
    return 1

[DEBUG] 2026-01-17 03:44:41,251 celery.utils.functional: 
def group(self, tasks, result, group_id, partial_args, add_to_parent=0):
    return 1

[DEBUG] 2026-01-17 03:44:41,251 celery.utils.functional: 
def xmap(task, it):
    return 1

[DEBUG] 2026-01-17 03:44:47,052 celery.utils.functional: 
def gera_relatorio_prestadores():
    return 1

[INFO] 2026-01-17 03:57:29,071 django.utils.autoreload: /home/thiago/Projects/drf-api/agenda/views.py changed, reloading.
[INFO] 2026-01-17 03:57:29,343 django.utils.autoreload: Watching for file changes with StatReloader
[DEBUG] 2026-01-17 03:57:50,009 celery.utils.functional: 
def gera_relatorio_prestadores():
    return 1

[INFO] 2026-01-17 05:31:02,247 django.utils.autoreload: /home/thiago/Projects/drf-api/agenda/views.py changed, reloading.
[INFO] 2026-01-17 05:31:02,560 django.utils.autoreload: Watching for file changes with StatReloader
[INFO] 2026-01-20 01:18:14,923 django.utils.autoreload: Watching for file changes with StatReloader
[INFO] 2026-01-20 01:18:22,674 django.utils.autoreload: Watching for file changes with StatReloader
[DEBUG] 2026-01-20 01:18:44,471 celery.utils.functional: 
def backend_cleanup():
    return 1

[DEBUG] 2026-01-20 01:18:44,472 celery.utils.functional: 
def chain(*args, **kwargs):
    return 1

[DEBUG] 2026-01-20 01:18:44,472 celery.utils.functional: 
def xstarmap(task, it):
    return 1

[DEBUG] 2026-01-20 01:18:44,472 celery.utils.functional: 
def accumulate(self, *args, **kwargs):
    return 1

[DEBUG] 2026-01-20 01:18:44,473 celery.utils.functional: 
def gera_relatorio_prestadores():
    return 1

[DEBUG] 2026-01-20 01:18:44,473 celery.utils.functional: 
def chord(self, header, body, partial_args=0, interval=1, countdown=2, max_retries=3, eager=4, **kwargs):
    return 1

[DEBUG] 2026-01-20 01:18:44,473 celery.utils.functional: 
def chunks(task, it, n):
    return 1

[DEBUG] 2026-01-20 01:18:44,475 celery.utils.functional: 
def unlock_chord(self, group_id, callback, interval=0, max_retries=1, result=2, Result=3, GroupResult=4, result_from_tuple=5, **kwargs):
    return 1

[DEBUG] 2026-01-20 01:18:44,475 celery.utils.functional: 
def soma(a, b):
    return 1

[DEBUG] 2026-01-20 01:18:44,475 celery.utils.functional: 
def group(self, tasks, result, group_id, partial_args, add_to_parent=0):
    return 1

[DEBUG] 2026-01-20 01:18:44,476 celery.utils.functional: 
def xmap(task, it):
    return 1

[INFO] 2026-01-20 01:36:54,004 django.utils.autoreload: /home/thiago/Projects/drf-api/agenda/tasks.py changed, reloading.
[INFO] 2026-01-20 01:36:54,263 django.utils.autoreload: Watching for file changes with StatReloader
[DEBUG] 2026-01-20 01:37:56,400 celery.utils.functional: 
def backend_cleanup():
    return 1

[DEBUG] 2026-01-20 01:37:56,401 celery.utils.functional: 
def chain(*args, **kwargs):
    return 1

[DEBUG] 2026-01-20 01:37:56,401 celery.utils.functional: 
def xstarmap(task, it):
    return 1

[DEBUG] 2026-01-20 01:37:56,401 celery.utils.functional: 
def accumulate(self, *args, **kwargs):
    return 1

[DEBUG] 2026-01-20 01:37:56,402 celery.utils.functional: 
def gera_relatorio_prestadores():
    return 1

[DEBUG] 2026-01-20 01:37:56,402 celery.utils.functional: 
def chord(self, header, body, partial_args=0, interval=1, countdown=2, max_retries=3, eager=4, **kwargs):
    return 1

[DEBUG] 2026-01-20 01:37:56,402 celery.utils.functional: 
def chunks(task, it, n):
    return 1

[DEBUG] 2026-01-20 01:37:56,403 celery.utils.functional: 
def unlock_chord(self, group_id, callback, interval=0, max_retries=1, result=2, Result=3, GroupResult=4, result_from_tuple=5, **kwargs):
    return 1

[DEBUG] 2026-01-20 01:37:56,404 celery.utils.functional: 
def soma(a, b):
    return 1

[DEBUG] 2026-01-20 01:37:56,404 celery.utils.functional: 
def group(self, tasks, result, group_id, partial_args, add_to_parent=0):
    return 1

[DEBUG] 2026-01-20 01:37:56,404 celery.utils.functional: 
def xmap(task, it):
    return 1

[DEBUG] 2026-01-20 01:38:44,097 celery.utils.functional: 
def gera_relatorio_prestadores():
    return 1

[INFO] 2026-01-20 01:48:20,220 django.utils.autoreload: /home/thiago/Projects/drf-api/tamarcado/celery.py changed, reloading.
[INFO] 2026-01-20 01:48:20,589 django.utils.autoreload: Watching for file changes with StatReloader
[INFO] 2026-01-20 01:59:35,714 django.utils.autoreload: Watching for file changes with StatReloader
[DEBUG] 2026-01-20 01:59:40,343 celery.utils.functional: 
def backend_cleanup():
    return 1

[DEBUG] 2026-01-20 01:59:40,343 celery.utils.functional: 
def chain(*args, **kwargs):
    return 1

[DEBUG] 2026-01-20 01:59:40,344 celery.utils.functional: 
def xstarmap(task, it):
    return 1

[DEBUG] 2026-01-20 01:59:40,344 celery.utils.functional: 
def accumulate(self, *args, **kwargs):
    return 1

[DEBUG] 2026-01-20 01:59:40,344 celery.utils.functional: 
def chord(self, header, body, partial_args=0, interval=1, countdown=2, max_retries=3, eager=4, **kwargs):
    return 1

[DEBUG] 2026-01-20 01:59:40,344 celery.utils.functional: 
def chunks(task, it, n):
    return 1

[DEBUG] 2026-01-20 01:59:40,345 celery.utils.functional: 
def gera_relatorio_prestadores():
    return 1

[DEBUG] 2026-01-20 01:59:40,346 celery.utils.functional: 
def unlock_chord(self, group_id, callback, interval=0, max_retries=1, result=2, Result=3, GroupResult=4, result_from_tuple=5, **kwargs):
    return 1

[DEBUG] 2026-01-20 01:59:40,347 celery.utils.functional: 
def soma(a, b):
    return 1

[DEBUG] 2026-01-20 01:59:40,347 celery.utils.functional: 
def group(self, tasks, result, group_id, partial_args, add_to_parent=0):
    return 1

[DEBUG] 2026-01-20 01:59:40,347 celery.utils.functional: 
def xmap(task, it):
    return 1

[DEBUG] 2026-01-20 01:59:46,926 celery.utils.functional: 
def gera_relatorio_prestadores():
    return 1

[DEBUG] 2026-01-20 02:28:19,736 celery.utils.functional: 
def backend_cleanup():
    return 1

[DEBUG] 2026-01-20 02:28:19,737 celery.utils.functional: 
def chain(*args, **kwargs):
    return 1

[DEBUG] 2026-01-20 02:28:19,737 celery.utils.functional: 
def xstarmap(task, it):
    return 1

[DEBUG] 2026-01-20 02:28:19,737 celery.utils.functional: 
def accumulate(self, *args, **kwargs):
    return 1

[DEBUG] 2026-01-20 02:28:19,738 celery.utils.functional: 
def chord(self, header, body, partial_args=0, interval=1, countdown=2, max_retries=3, eager=4, **kwargs):
    return 1

[DEBUG] 2026-01-20 02:28:19,738 celery.utils.functional: 
def chunks(task, it, n):
    return 1

[DEBUG] 2026-01-20 02:28:19,738 celery.utils.functional: 
def gera_relatorio_prestadores():
    return 1

[DEBUG] 2026-01-20 02:28:19,739 celery.utils.functional: 
def unlock_chord(self, group_id, callback, interval=0, max_retries=1, result=2, Result=3, GroupResult=4, result_from_tuple=5, **kwargs):
    return 1

[DEBUG] 2026-01-20 02:28:19,740 celery.utils.functional: 
def soma(a, b):
    return 1

[DEBUG] 2026-01-20 02:28:19,740 celery.utils.functional: 
def group(self, tasks, result, group_id, partial_args, add_to_parent=0):
    return 1

[DEBUG] 2026-01-20 02:28:19,740 celery.utils.functional: 
def xmap(task, it):
    return 1

[DEBUG] 2026-01-20 02:28:50,143 celery.utils.functional: 
def backend_cleanup():
    return 1

[DEBUG] 2026-01-20 02:28:50,143 celery.utils.functional: 
def chain(*args, **kwargs):
    return 1

[DEBUG] 2026-01-20 02:28:50,144 celery.utils.functional: 
def xstarmap(task, it):
    return 1

[DEBUG] 2026-01-20 02:28:50,144 celery.utils.functional: 
def accumulate(self, *args, **kwargs):
    return 1

[DEBUG] 2026-01-20 02:28:50,144 celery.utils.functional: 
def chord(self, header, body, partial_args=0, interval=1, countdown=2, max_retries=3, eager=4, **kwargs):
    return 1

[DEBUG] 2026-01-20 02:28:50,145 celery.utils.functional: 
def chunks(task, it, n):
    return 1

[DEBUG] 2026-01-20 02:28:50,145 celery.utils.functional: 
def gera_relatorio_prestadores():
    return 1

[DEBUG] 2026-01-20 02:28:50,146 celery.utils.functional: 
def unlock_chord(self, group_id, callback, interval=0, max_retries=1, result=2, Result=3, GroupResult=4, result_from_tuple=5, **kwargs):
    return 1

[DEBUG] 2026-01-20 02:28:50,147 celery.utils.functional: 
def soma(a, b):
    return 1

[DEBUG] 2026-01-20 02:28:50,147 celery.utils.functional: 
def group(self, tasks, result, group_id, partial_args, add_to_parent=0):
    return 1

[DEBUG] 2026-01-20 02:28:50,147 celery.utils.functional: 
def xmap(task, it):
    return 1

[DEBUG] 2026-01-20 02:39:48,728 celery.utils.functional: 
def backend_cleanup():
    return 1

[DEBUG] 2026-01-20 02:39:48,728 celery.utils.functional: 
def chain(*args, **kwargs):
    return 1

[DEBUG] 2026-01-20 02:39:48,729 celery.utils.functional: 
def xstarmap(task, it):
    return 1

[DEBUG] 2026-01-20 02:39:48,729 celery.utils.functional: 
def accumulate(self, *args, **kwargs):
    return 1

[DEBUG] 2026-01-20 02:39:48,729 celery.utils.functional: 
def chord(self, header, body, partial_args=0, interval=1, countdown=2, max_retries=3, eager=4, **kwargs):
    return 1

[DEBUG] 2026-01-20 02:39:48,730 celery.utils.functional: 
def chunks(task, it, n):
    return 1

[DEBUG] 2026-01-20 02:39:48,730 celery.utils.functional: 
def gera_relatorio_prestadores():
    return 1

[DEBUG] 2026-01-20 02:39:48,731 celery.utils.functional: 
def unlock_chord(self, group_id, callback, interval=0, max_retries=1, result=2, Result=3, GroupResult=4, result_from_tuple=5, **kwargs):
    return 1

[DEBUG] 2026-01-20 02:39:48,732 celery.utils.functional: 
def soma(a, b):
    return 1

[DEBUG] 2026-01-20 02:39:48,732 celery.utils.functional: 
def group(self, tasks, result, group_id, partial_args, add_to_parent=0):
    return 1

[DEBUG] 2026-01-20 02:39:48,732 celery.utils.functional: 
def xmap(task, it):
    return 1

[INFO] 2026-01-20 03:02:11,644 django.utils.autoreload: Watching for file changes with StatReloader
[ERROR] 2026-01-20 03:03:43,042 django.request: Internal Server Error: /api/prestadores/
Traceback (most recent call last):
  File "/home/thiago/Projects/drf-api/venv/lib/python3.12/site-packages/django/core/handlers/exception.py", line 55, in inner
    response = get_response(request)
               ^^^^^^^^^^^^^^^^^^^^^
  File "/home/thiago/Projects/drf-api/venv/lib/python3.12/site-packages/django/core/handlers/base.py", line 197, in _get_response
    response = wrapped_callback(request, *callback_args, **callback_kwargs)
               ^^^^^^^^^^^^^^^^^^^^^^^^^^^^^^^^^^^^^^^^^^^^^^^^^^^^^^^^^^^^
  File "/home/thiago/Projects/drf-api/venv/lib/python3.12/site-packages/django/views/decorators/csrf.py", line 65, in _view_wrapper
    return view_func(request, *args, **kwargs)
           ^^^^^^^^^^^^^^^^^^^^^^^^^^^^^^^^^^^
  File "/home/thiago/Projects/drf-api/venv/lib/python3.12/site-packages/django/views/generic/base.py", line 105, in view
    return self.dispatch(request, *args, **kwargs)
           ^^^^^^^^^^^^^^^^^^^^^^^^^^^^^^^^^^^^^^^
  File "/home/thiago/Projects/drf-api/venv/lib/python3.12/site-packages/rest_framework/views.py", line 515, in dispatch
    response = self.handle_exception(exc)
               ^^^^^^^^^^^^^^^^^^^^^^^^^^
  File "/home/thiago/Projects/drf-api/venv/lib/python3.12/site-packages/rest_framework/views.py", line 475, in handle_exception
    self.raise_uncaught_exception(exc)
  File "/home/thiago/Projects/drf-api/venv/lib/python3.12/site-packages/rest_framework/views.py", line 486, in raise_uncaught_exception
    raise exc
  File "/home/thiago/Projects/drf-api/venv/lib/python3.12/site-packages/rest_framework/views.py", line 503, in dispatch
    self.initial(request, *args, **kwargs)
  File "/home/thiago/Projects/drf-api/venv/lib/python3.12/site-packages/rest_framework/views.py", line 420, in initial
    self.perform_authentication(request)
  File "/home/thiago/Projects/drf-api/venv/lib/python3.12/site-packages/rest_framework/views.py", line 330, in perform_authentication
    request.user
  File "/home/thiago/Projects/drf-api/venv/lib/python3.12/site-packages/rest_framework/request.py", line 232, in user
    self._authenticate()
  File "/home/thiago/Projects/drf-api/venv/lib/python3.12/site-packages/rest_framework/request.py", line 385, in _authenticate
    user_auth_tuple = authenticator.authenticate(self)
                      ^^^^^^^^^^^^^^^^^^^^^^^^^^^^^^^^
  File "/home/thiago/Projects/drf-api/venv/lib/python3.12/site-packages/rest_framework/authentication.py", line 87, in authenticate
    return self.authenticate_credentials(userid, password, request)
           ^^^^^^^^^^^^^^^^^^^^^^^^^^^^^^^^^^^^^^^^^^^^^^^^^^^^^^^^
  File "/home/thiago/Projects/drf-api/venv/lib/python3.12/site-packages/rest_framework/authentication.py", line 98, in authenticate_credentials
    user = authenticate(request=request, **credentials)
           ^^^^^^^^^^^^^^^^^^^^^^^^^^^^^^^^^^^^^^^^^^^^
  File "/home/thiago/Projects/drf-api/venv/lib/python3.12/site-packages/django/views/decorators/debug.py", line 75, in sensitive_variables_wrapper
    return func(*func_args, **func_kwargs)
           ^^^^^^^^^^^^^^^^^^^^^^^^^^^^^^^
  File "/home/thiago/Projects/drf-api/venv/lib/python3.12/site-packages/django/contrib/auth/__init__.py", line 114, in authenticate
    user = backend.authenticate(request, **credentials)
           ^^^^^^^^^^^^^^^^^^^^^^^^^^^^^^^^^^^^^^^^^^^^
  File "/home/thiago/Projects/drf-api/venv/lib/python3.12/site-packages/django/contrib/auth/backends.py", line 65, in authenticate
    user = UserModel._default_manager.get_by_natural_key(username)
           ^^^^^^^^^^^^^^^^^^^^^^^^^^^^^^^^^^^^^^^^^^^^^^^^^^^^^^^
  File "/home/thiago/Projects/drf-api/venv/lib/python3.12/site-packages/django/contrib/auth/base_user.py", line 37, in get_by_natural_key
    return self.get(**{self.model.USERNAME_FIELD: username})
           ^^^^^^^^^^^^^^^^^^^^^^^^^^^^^^^^^^^^^^^^^^^^^^^^^
  File "/home/thiago/Projects/drf-api/venv/lib/python3.12/site-packages/django/db/models/manager.py", line 87, in manager_method
    return getattr(self.get_queryset(), name)(*args, **kwargs)
           ^^^^^^^^^^^^^^^^^^^^^^^^^^^^^^^^^^^^^^^^^^^^^^^^^^^
  File "/home/thiago/Projects/drf-api/venv/lib/python3.12/site-packages/django/db/models/query.py", line 629, in get
    num = len(clone)
          ^^^^^^^^^^
  File "/home/thiago/Projects/drf-api/venv/lib/python3.12/site-packages/django/db/models/query.py", line 366, in __len__
    self._fetch_all()
  File "/home/thiago/Projects/drf-api/venv/lib/python3.12/site-packages/django/db/models/query.py", line 1949, in _fetch_all
    self._result_cache = list(self._iterable_class(self))
                         ^^^^^^^^^^^^^^^^^^^^^^^^^^^^^^^^
  File "/home/thiago/Projects/drf-api/venv/lib/python3.12/site-packages/django/db/models/query.py", line 91, in __iter__
    results = compiler.execute_sql(
              ^^^^^^^^^^^^^^^^^^^^^
  File "/home/thiago/Projects/drf-api/venv/lib/python3.12/site-packages/django/db/models/sql/compiler.py", line 1610, in execute_sql
    sql, params = self.as_sql()
                  ^^^^^^^^^^^^^
  File "/home/thiago/Projects/drf-api/venv/lib/python3.12/site-packages/django/db/models/sql/compiler.py", line 766, in as_sql
    extra_select, order_by, group_by = self.pre_sql_setup(
                                       ^^^^^^^^^^^^^^^^^^^
  File "/home/thiago/Projects/drf-api/venv/lib/python3.12/site-packages/django/db/models/sql/compiler.py", line 85, in pre_sql_setup
    self.setup_query(with_col_aliases=with_col_aliases)
  File "/home/thiago/Projects/drf-api/venv/lib/python3.12/site-packages/django/db/models/sql/compiler.py", line 74, in setup_query
    self.select, self.klass_info, self.annotation_col_map = self.get_select(
                                                            ^^^^^^^^^^^^^^^^
  File "/home/thiago/Projects/drf-api/venv/lib/python3.12/site-packages/django/db/models/sql/compiler.py", line 316, in get_select
    sql, params = self.compile(col)
                  ^^^^^^^^^^^^^^^^^
  File "/home/thiago/Projects/drf-api/venv/lib/python3.12/site-packages/django/db/models/sql/compiler.py", line 577, in compile
    sql, params = node.as_sql(self, self.connection)
                  ^^^^^^^^^^^^^^^^^^^^^^^^^^^^^^^^^^
  File "/home/thiago/Projects/drf-api/venv/lib/python3.12/site-packages/django/db/models/expressions.py", line 1305, in as_sql
    sql = ".".join(map(compiler.quote_name_unless_alias, identifiers))
          ^^^^^^^^^^^^^^^^^^^^^^^^^^^^^^^^^^^^^^^^^^^^^^^^^^^^^^^^^^^^
  File "/home/thiago/Projects/drf-api/venv/lib/python3.12/site-packages/django/db/models/sql/compiler.py", line 568, in quote_name_unless_alias
    r = self.connection.ops.quote_name(name)
        ^^^^^^^^^^^^^^^^^^^^^^^^^^^^^^^^^^^^
  File "/home/thiago/Projects/drf-api/venv/lib/python3.12/site-packages/django/db/backends/dummy/base.py", line 20, in complain
    raise ImproperlyConfigured(
django.core.exceptions.ImproperlyConfigured: settings.DATABASES is improperly configured. Please supply the ENGINE value. Check settings documentation for more details.
[INFO] 2026-01-20 05:08:43,706 django.utils.autoreload: /home/thiago/Projects/drf-api/tamarcado/settings/base.py changed, reloading.
[INFO] 2026-01-20 05:08:44,309 django.utils.autoreload: Watching for file changes with StatReloader
[INFO] 2026-01-20 05:09:20,061 django.utils.autoreload: /home/thiago/Projects/drf-api/tamarcado/settings/base.py changed, reloading.
[INFO] 2026-01-20 05:09:20,509 django.utils.autoreload: Watching for file changes with StatReloader
